<?xml version="1.0" encoding="UTF-8"?>
<coverage generated="1740812164670" clover="3.2.0">
  <project timestamp="1740812164670" name="All files">
    <metrics statements="165" coveredstatements="160" conditionals="113" coveredconditionals="109" methods="52" coveredmethods="48" elements="330" coveredelements="317" complexity="0" loc="165" ncloc="165" packages="15" files="16" classes="16"/>
    <package name="SantiagoCuascota">
      <metrics statements="0" coveredstatements="0" conditionals="0" coveredconditionals="0" methods="0" coveredmethods="0"/>
      <file name="jest.setup.ts" path="/Users/santiagocuascota/Desktop/KX/SantiagoCuascota/jest.setup.ts">
        <metrics statements="0" coveredstatements="0" conditionals="0" coveredconditionals="0" methods="0" coveredmethods="0"/>
      </file>
      <file name="vite.config.ts" path="/Users/santiagocuascota/Desktop/KX/SantiagoCuascota/vite.config.ts">
        <metrics statements="0" coveredstatements="0" conditionals="0" coveredconditionals="0" methods="0" coveredmethods="0"/>
      </file>
    </package>
    <package name="SantiagoCuascota.src">
      <metrics statements="0" coveredstatements="0" conditionals="0" coveredconditionals="0" methods="0" coveredmethods="0"/>
      <file name="vite-env.d.ts" path="/Users/santiagocuascota/Desktop/KX/SantiagoCuascota/src/vite-env.d.ts">
        <metrics statements="0" coveredstatements="0" conditionals="0" coveredconditionals="0" methods="0" coveredmethods="0"/>
      </file>
    </package>
    <package name="SantiagoCuascota.src.components.Alert">
      <metrics statements="10" coveredstatements="10" conditionals="2" coveredconditionals="2" methods="5" coveredmethods="5"/>
      <file name="Alert.tsx" path="/Users/santiagocuascota/Desktop/KX/SantiagoCuascota/src/components/Alert/Alert.tsx">
        <metrics statements="10" coveredstatements="10" conditionals="2" coveredconditionals="2" methods="5" coveredmethods="5"/>
        <line num="8" count="5" type="stmt"/>
        <line num="9" count="7" type="stmt"/>
        <line num="11" count="7" type="stmt"/>
        <line num="12" count="1" type="stmt"/>
        <line num="15" count="7" type="stmt"/>
        <line num="16" count="5" type="stmt"/>
        <line num="17" count="1" type="stmt"/>
        <line num="20" count="5" type="stmt"/>
        <line num="23" count="7" type="cond" truecount="2" falsecount="0"/>
        <line num="25" count="5" type="stmt"/>
      </file>
    </package>
    <package name="SantiagoCuascota.src.components.Nav">
      <metrics statements="2" coveredstatements="2" conditionals="0" coveredconditionals="0" methods="1" coveredmethods="1"/>
      <file name="Nav.tsx" path="/Users/santiagocuascota/Desktop/KX/SantiagoCuascota/src/components/Nav/Nav.tsx">
        <metrics statements="2" coveredstatements="2" conditionals="0" coveredconditionals="0" methods="1" coveredmethods="1"/>
        <line num="3" count="1" type="stmt"/>
        <line num="4" count="1" type="stmt"/>
      </file>
    </package>
    <package name="SantiagoCuascota.src.components.ProductDeleteModal">
      <metrics statements="3" coveredstatements="3" conditionals="2" coveredconditionals="2" methods="1" coveredmethods="1"/>
      <file name="ProductDeleteModal.tsx" path="/Users/santiagocuascota/Desktop/KX/SantiagoCuascota/src/components/ProductDeleteModal/ProductDeleteModal.tsx">
        <metrics statements="3" coveredstatements="3" conditionals="2" coveredconditionals="2" methods="1" coveredmethods="1"/>
        <line num="10" count="2" type="stmt"/>
        <line num="11" count="4" type="cond" truecount="2" falsecount="0"/>
        <line num="13" count="1" type="stmt"/>
      </file>
    </package>
    <package name="SantiagoCuascota.src.components.ProductForm">
      <metrics statements="3" coveredstatements="3" conditionals="23" coveredconditionals="23" methods="1" coveredmethods="1"/>
      <file name="ProductForm.tsx" path="/Users/santiagocuascota/Desktop/KX/SantiagoCuascota/src/components/ProductForm/ProductForm.tsx">
        <metrics statements="3" coveredstatements="3" conditionals="23" coveredconditionals="23" methods="1" coveredmethods="1"/>
        <line num="13" count="3" type="stmt"/>
        <line num="14" count="11" type="stmt"/>
        <line num="16" count="11" type="stmt"/>
      </file>
    </package>
    <package name="SantiagoCuascota.src.components.ProductForm.state">
      <metrics statements="55" coveredstatements="55" conditionals="46" coveredconditionals="46" methods="12" coveredmethods="12"/>
      <file name="useProductForm.tsx" path="/Users/santiagocuascota/Desktop/KX/SantiagoCuascota/src/components/ProductForm/state/useProductForm.tsx">
        <metrics statements="55" coveredstatements="55" conditionals="46" coveredconditionals="46" methods="12" coveredmethods="12"/>
        <line num="5" count="4" type="stmt"/>
        <line num="22" count="4" type="stmt"/>
        <line num="23" count="34" type="cond" truecount="2" falsecount="0"/>
        <line num="24" count="34" type="stmt"/>
        <line num="25" count="34" type="stmt"/>
        <line num="27" count="34" type="stmt"/>
        <line num="28" count="17" type="stmt"/>
        <line num="29" count="17" type="cond" truecount="2" falsecount="0"/>
        <line num="32" count="34" type="stmt"/>
        <line num="33" count="17" type="stmt"/>
        <line num="35" count="17" type="cond" truecount="5" falsecount="0"/>
        <line num="37" count="5" type="cond" truecount="5" falsecount="0"/>
        <line num="38" count="1" type="stmt"/>
        <line num="39" count="4" type="stmt"/>
        <line num="40" count="5" type="stmt"/>
        <line num="42" count="3" type="cond" truecount="5" falsecount="0"/>
        <line num="43" count="1" type="stmt"/>
        <line num="44" count="2" type="stmt"/>
        <line num="45" count="3" type="stmt"/>
        <line num="47" count="3" type="cond" truecount="5" falsecount="0"/>
        <line num="48" count="1" type="stmt"/>
        <line num="49" count="2" type="stmt"/>
        <line num="50" count="3" type="stmt"/>
        <line num="52" count="3" type="cond" truecount="2" falsecount="0"/>
        <line num="53" count="1" type="stmt"/>
        <line num="54" count="2" type="stmt"/>
        <line num="55" count="3" type="stmt"/>
        <line num="57" count="3" type="cond" truecount="4" falsecount="0"/>
        <line num="58" count="1" type="stmt"/>
        <line num="59" count="2" type="stmt"/>
        <line num="60" count="3" type="stmt"/>
        <line num="65" count="34" type="stmt"/>
        <line num="66" count="17" type="stmt"/>
        <line num="68" count="17" type="stmt"/>
        <line num="69" count="17" type="stmt"/>
        <line num="72" count="34" type="stmt"/>
        <line num="73" count="1" type="stmt"/>
        <line num="74" count="1" type="stmt"/>
        <line num="75" count="1" type="stmt"/>
        <line num="76" count="1" type="stmt"/>
        <line num="79" count="34" type="stmt"/>
        <line num="80" count="2" type="stmt"/>
        <line num="81" count="2" type="cond" truecount="2" falsecount="0"/>
        <line num="82" count="1" type="stmt"/>
        <line num="86" count="34" type="stmt"/>
        <line num="87" count="14" type="cond" truecount="2" falsecount="0"/>
        <line num="88" count="3" type="stmt"/>
        <line num="89" count="3" type="stmt"/>
        <line num="91" count="3" type="stmt"/>
        <line num="93" count="11" type="stmt"/>
        <line num="97" count="34" type="stmt"/>
        <line num="98" count="17" type="cond" truecount="12" falsecount="0"/>
        <line num="108" count="2" type="stmt"/>
        <line num="110" count="15" type="stmt"/>
        <line num="113" count="34" type="stmt"/>
      </file>
    </package>
    <package name="SantiagoCuascota.src.components.ProductsTable">
      <metrics statements="8" coveredstatements="8" conditionals="10" coveredconditionals="10" methods="6" coveredmethods="6"/>
      <file name="ProductsTable.tsx" path="/Users/santiagocuascota/Desktop/KX/SantiagoCuascota/src/components/ProductsTable/ProductsTable.tsx">
        <metrics statements="8" coveredstatements="8" conditionals="10" coveredconditionals="10" methods="6" coveredmethods="6"/>
        <line num="14" count="2" type="stmt"/>
        <line num="28" count="16" type="stmt"/>
        <line num="30" count="16" type="stmt"/>
        <line num="57" count="10" type="stmt"/>
        <line num="78" count="6" type="stmt"/>
        <line num="87" count="2" type="stmt"/>
        <line num="92" count="1" type="stmt"/>
        <line num="93" count="1" type="stmt"/>
      </file>
    </package>
    <package name="SantiagoCuascota.src.components.ProductsTable.state">
      <metrics statements="27" coveredstatements="27" conditionals="8" coveredconditionals="8" methods="9" coveredmethods="9"/>
      <file name="useProductsTable.state.tsx" path="/Users/santiagocuascota/Desktop/KX/SantiagoCuascota/src/components/ProductsTable/state/useProductsTable.state.tsx">
        <metrics statements="27" coveredstatements="27" conditionals="8" coveredconditionals="8" methods="9" coveredmethods="9"/>
        <line num="5" count="3" type="stmt"/>
        <line num="6" count="40" type="stmt"/>
        <line num="7" count="40" type="stmt"/>
        <line num="8" count="40" type="stmt"/>
        <line num="9" count="40" type="stmt"/>
        <line num="11" count="40" type="stmt"/>
        <line num="13" count="40" type="stmt"/>
        <line num="14" count="40" type="stmt"/>
        <line num="16" count="40" type="stmt"/>
        <line num="17" count="4" type="cond" truecount="2" falsecount="0"/>
        <line num="20" count="40" type="stmt"/>
        <line num="21" count="2" type="cond" truecount="2" falsecount="0"/>
        <line num="24" count="40" type="stmt"/>
        <line num="25" count="2" type="cond" truecount="2" falsecount="0"/>
        <line num="28" count="40" type="stmt"/>
        <line num="29" count="1" type="stmt"/>
        <line num="30" count="1" type="stmt"/>
        <line num="33" count="40" type="stmt"/>
        <line num="34" count="1" type="stmt"/>
        <line num="35" count="1" type="stmt"/>
        <line num="38" count="40" type="stmt"/>
        <line num="39" count="18" type="stmt"/>
        <line num="40" count="18" type="stmt"/>
        <line num="42" count="18" type="stmt"/>
        <line num="43" count="30" type="cond" truecount="2" falsecount="0"/>
        <line num="47" count="18" type="stmt"/>
        <line num="51" count="40" type="stmt"/>
      </file>
    </package>
    <package name="SantiagoCuascota.src.containers.AddProduct">
      <metrics statements="15" coveredstatements="12" conditionals="12" coveredconditionals="10" methods="4" coveredmethods="3"/>
      <file name="AddProduct.tsx" path="/Users/santiagocuascota/Desktop/KX/SantiagoCuascota/src/containers/AddProduct/AddProduct.tsx">
        <metrics statements="15" coveredstatements="12" conditionals="12" coveredconditionals="10" methods="4" coveredmethods="3"/>
        <line num="8" count="1" type="stmt"/>
        <line num="9" count="2" type="stmt"/>
        <line num="10" count="2" type="stmt"/>
        <line num="11" count="2" type="stmt"/>
        <line num="12" count="2" type="stmt"/>
        <line num="14" count="2" type="stmt"/>
        <line num="15" count="0" type="stmt"/>
        <line num="16" count="0" type="stmt"/>
        <line num="19" count="2" type="stmt"/>
        <line num="20" count="2" type="cond" truecount="3" falsecount="2"/>
        <line num="21" count="0" type="stmt"/>
        <line num="24" count="2" type="stmt"/>
        <line num="25" count="2" type="cond" truecount="4" falsecount="0"/>
        <line num="26" count="1" type="stmt"/>
        <line num="31" count="2" type="cond" truecount="3" falsecount="0"/>
      </file>
    </package>
    <package name="SantiagoCuascota.src.containers.Products">
      <metrics statements="3" coveredstatements="3" conditionals="4" coveredconditionals="3" methods="1" coveredmethods="1"/>
      <file name="Products.tsx" path="/Users/santiagocuascota/Desktop/KX/SantiagoCuascota/src/containers/Products/Products.tsx">
        <metrics statements="3" coveredstatements="3" conditionals="4" coveredconditionals="3" methods="1" coveredmethods="1"/>
        <line num="6" count="1" type="stmt"/>
        <line num="19" count="2" type="stmt"/>
        <line num="21" count="2" type="stmt"/>
      </file>
    </package>
    <package name="SantiagoCuascota.src.containers.Products.state">
      <metrics statements="28" coveredstatements="27" conditionals="2" coveredconditionals="1" methods="8" coveredmethods="7"/>
      <file name="useProducts.tsx" path="/Users/santiagocuascota/Desktop/KX/SantiagoCuascota/src/containers/Products/state/useProducts.tsx">
        <metrics statements="28" coveredstatements="27" conditionals="2" coveredconditionals="1" methods="8" coveredmethods="7"/>
        <line num="8" count="2" type="stmt"/>
        <line num="9" count="8" type="stmt"/>
        <line num="10" count="8" type="stmt"/>
        <line num="11" count="8" type="stmt"/>
        <line num="12" count="8" type="stmt"/>
        <line num="14" count="8" type="stmt"/>
        <line num="15" count="8" type="stmt"/>
        <line num="17" count="8" type="stmt"/>
        <line num="18" count="1" type="stmt"/>
        <line num="21" count="8" type="stmt"/>
        <line num="22" count="1" type="stmt"/>
        <line num="25" count="8" type="stmt"/>
        <line num="26" count="1" type="stmt"/>
        <line num="27" count="1" type="stmt"/>
        <line num="28" count="1" type="stmt"/>
        <line num="31" count="8" type="stmt"/>
        <line num="32" count="1" type="stmt"/>
        <line num="33" count="1" type="stmt"/>
        <line num="34" count="1" type="stmt"/>
        <line num="35" count="1" type="stmt"/>
        <line num="38" count="8" type="stmt"/>
        <line num="39" count="1" type="stmt"/>
        <line num="40" count="1" type="stmt"/>
        <line num="41" count="1" type="stmt"/>
        <line num="44" count="8" type="stmt"/>
        <line num="45" count="7" type="cond" truecount="1" falsecount="1"/>
        <line num="46" count="0" type="stmt"/>
        <line num="49" count="8" type="stmt"/>
      </file>
    </package>
    <package name="SantiagoCuascota.src.containers.UpdateProduct">
      <metrics statements="11" coveredstatements="10" conditionals="4" coveredconditionals="4" methods="4" coveredmethods="2"/>
      <file name="UpdateProduct.tsx" path="/Users/santiagocuascota/Desktop/KX/SantiagoCuascota/src/containers/UpdateProduct/UpdateProduct.tsx">
        <metrics statements="11" coveredstatements="10" conditionals="4" coveredconditionals="4" methods="4" coveredmethods="2"/>
        <line num="8" count="1" type="stmt"/>
        <line num="9" count="2" type="stmt"/>
        <line num="10" count="2" type="stmt"/>
        <line num="11" count="2" type="stmt"/>
        <line num="13" count="2" type="stmt"/>
        <line num="16" count="2" type="stmt"/>
        <line num="17" count="0" type="stmt"/>
        <line num="20" count="2" type="stmt"/>
        <line num="21" count="2" type="cond" truecount="4" falsecount="0"/>
        <line num="22" count="1" type="stmt"/>
        <line num="27" count="2" type="stmt"/>
      </file>
    </package>
    <package name="SantiagoCuascota.src.shared.Interfaces">
      <metrics statements="0" coveredstatements="0" conditionals="0" coveredconditionals="0" methods="0" coveredmethods="0"/>
      <file name="Product.interfaces.ts" path="/Users/santiagocuascota/Desktop/KX/SantiagoCuascota/src/shared/Interfaces/Product.interfaces.ts">
        <metrics statements="0" coveredstatements="0" conditionals="0" coveredconditionals="0" methods="0" coveredmethods="0"/>
      </file>
    </package>
    <package name="SantiagoCuascota.src.shared.enums">
      <metrics statements="0" coveredstatements="0" conditionals="0" coveredconditionals="0" methods="0" coveredmethods="0"/>
      <file name="Path.enum.ts" path="/Users/santiagocuascota/Desktop/KX/SantiagoCuascota/src/shared/enums/Path.enum.ts">
        <metrics statements="0" coveredstatements="0" conditionals="0" coveredconditionals="0" methods="0" coveredmethods="0"/>
      </file>
    </package>
  </project>
</coverage>
