{"/Users/santiagocuascota/Desktop/KX/SantiagoCuascota/jest.setup.ts": {"path":"/Users/santiagocuascota/Desktop/KX/SantiagoCuascota/jest.setup.ts","statementMap":{},"fnMap":{},"branchMap":{},"s":{},"f":{},"b":{}}
,"/Users/santiagocuascota/Desktop/KX/SantiagoCuascota/vite.config.ts": {"path":"/Users/santiagocuascota/Desktop/KX/SantiagoCuascota/vite.config.ts","statementMap":{},"fnMap":{},"branchMap":{},"s":{},"f":{},"b":{}}
,"/Users/santiagocuascota/Desktop/KX/SantiagoCuascota/src/vite-env.d.ts": {"path":"/Users/santiagocuascota/Desktop/KX/SantiagoCuascota/src/vite-env.d.ts","statementMap":{},"fnMap":{},"branchMap":{},"s":{},"f":{},"b":{}}
,"/Users/santiagocuascota/Desktop/KX/SantiagoCuascota/src/components/Alert/Alert.tsx": {"path":"/Users/santiagocuascota/Desktop/KX/SantiagoCuascota/src/components/Alert/Alert.tsx","statementMap":{"0":{"start":{"line":8,"column":20},"end":{"line":31,"column":1}},"1":{"start":{"line":9,"column":34},"end":{"line":9,"column":48}},"2":{"start":{"line":11,"column":18},"end":{"line":13,"column":5}},"3":{"start":{"line":12,"column":8},"end":{"line":12,"column":25}},"4":{"start":{"line":15,"column":4},"end":{"line":21,"column":24}},"5":{"start":{"line":16,"column":22},"end":{"line":18,"column":16}},"6":{"start":{"line":17,"column":12},"end":{"line":17,"column":30}},"7":{"start":{"line":20,"column":8},"end":{"line":20,"column":41}},"8":{"start":{"line":20,"column":21},"end":{"line":20,"column":40}},"9":{"start":{"line":23,"column":4},"end":{"line":23,"column":30}},"10":{"start":{"line":23,"column":18},"end":{"line":23,"column":30}},"11":{"start":{"line":25,"column":4},"end":{"line":30,"column":6}}},"fnMap":{"0":{"name":"(anonymous_0)","decl":{"start":{"line":8,"column":20},"end":{"line":8,"column":21}},"loc":{"start":{"line":8,"column":40},"end":{"line":31,"column":1}},"line":8},"1":{"name":"(anonymous_1)","decl":{"start":{"line":11,"column":18},"end":{"line":11,"column":19}},"loc":{"start":{"line":11,"column":22},"end":{"line":13,"column":5}},"line":11},"2":{"name":"(anonymous_2)","decl":{"start":{"line":15,"column":14},"end":{"line":15,"column":15}},"loc":{"start":{"line":15,"column":20},"end":{"line":21,"column":5}},"line":15},"3":{"name":"(anonymous_3)","decl":{"start":{"line":16,"column":33},"end":{"line":16,"column":34}},"loc":{"start":{"line":16,"column":39},"end":{"line":18,"column":9}},"line":16},"4":{"name":"(anonymous_4)","decl":{"start":{"line":20,"column":15},"end":{"line":20,"column":16}},"loc":{"start":{"line":20,"column":21},"end":{"line":20,"column":40}},"line":20}},"branchMap":{"0":{"loc":{"start":{"line":23,"column":4},"end":{"line":23,"column":30}},"type":"if","locations":[{"start":{"line":23,"column":4},"end":{"line":23,"column":30}},{"start":{},"end":{}}],"line":23}},"s":{"0":5,"1":7,"2":7,"3":1,"4":7,"5":5,"6":1,"7":5,"8":5,"9":7,"10":2,"11":5},"f":{"0":7,"1":1,"2":5,"3":1,"4":5},"b":{"0":[2,5]},"_coverageSchema":"1a1c01bbd47fc00a2c39e90264f33305004495a9","hash":"f282292bb0e6a4f7feb5ec502e1b079130e02852"}
,"/Users/santiagocuascota/Desktop/KX/SantiagoCuascota/src/components/Nav/Nav.tsx": {"path":"/Users/santiagocuascota/Desktop/KX/SantiagoCuascota/src/components/Nav/Nav.tsx","statementMap":{"0":{"start":{"line":3,"column":19},"end":{"line":12,"column":1}},"1":{"start":{"line":4,"column":4},"end":{"line":11,"column":10}}},"fnMap":{"0":{"name":"(anonymous_0)","decl":{"start":{"line":3,"column":19},"end":{"line":3,"column":20}},"loc":{"start":{"line":3,"column":25},"end":{"line":12,"column":1}},"line":3}},"branchMap":{},"s":{"0":1,"1":1},"f":{"0":1},"b":{},"_coverageSchema":"1a1c01bbd47fc00a2c39e90264f33305004495a9","hash":"6c4b050a5c09199b0a77cf8e0f3ccd66ec4fb725"}
,"/Users/santiagocuascota/Desktop/KX/SantiagoCuascota/src/components/ProductDeleteModal/ProductDeleteModal.tsx": {"path":"/Users/santiagocuascota/Desktop/KX/SantiagoCuascota/src/components/ProductDeleteModal/ProductDeleteModal.tsx","statementMap":{"0":{"start":{"line":10,"column":34},"end":{"line":24,"column":1}},"1":{"start":{"line":11,"column":4},"end":{"line":11,"column":31}},"2":{"start":{"line":11,"column":20},"end":{"line":11,"column":31}},"3":{"start":{"line":13,"column":4},"end":{"line":23,"column":6}}},"fnMap":{"0":{"name":"(anonymous_0)","decl":{"start":{"line":10,"column":34},"end":{"line":10,"column":35}},"loc":{"start":{"line":10,"column":70},"end":{"line":24,"column":1}},"line":10}},"branchMap":{"0":{"loc":{"start":{"line":11,"column":4},"end":{"line":11,"column":31}},"type":"if","locations":[{"start":{"line":11,"column":4},"end":{"line":11,"column":31}},{"start":{},"end":{}}],"line":11}},"s":{"0":2,"1":4,"2":3,"3":1},"f":{"0":4},"b":{"0":[3,1]},"_coverageSchema":"1a1c01bbd47fc00a2c39e90264f33305004495a9","hash":"f0ef72be7c3ea91938df2ee52b2791bc3e9f99b0"}
,"/Users/santiagocuascota/Desktop/KX/SantiagoCuascota/src/components/ProductForm/ProductForm.tsx": {"path":"/Users/santiagocuascota/Desktop/KX/SantiagoCuascota/src/components/ProductForm/ProductForm.tsx","statementMap":{"0":{"start":{"line":13,"column":27},"end":{"line":99,"column":1}},"1":{"start":{"line":14,"column":90},"end":{"line":14,"column":111}},"2":{"start":{"line":16,"column":4},"end":{"line":98,"column":6}}},"fnMap":{"0":{"name":"(anonymous_0)","decl":{"start":{"line":13,"column":27},"end":{"line":13,"column":28}},"loc":{"start":{"line":13,"column":56},"end":{"line":99,"column":1}},"line":13}},"branchMap":{"0":{"loc":{"start":{"line":18,"column":13},"end":{"line":18,"column":87}},"type":"binary-expr","locations":[{"start":{"line":18,"column":13},"end":{"line":18,"column":24}},{"start":{"line":18,"column":28},"end":{"line":18,"column":46}},{"start":{"line":18,"column":50},"end":{"line":18,"column":87}}],"line":18},"1":{"loc":{"start":{"line":30,"column":39},"end":{"line":30,"column":76}},"type":"cond-expr","locations":[{"start":{"line":30,"column":58},"end":{"line":30,"column":71}},{"start":{"line":30,"column":74},"end":{"line":30,"column":76}}],"line":30},"2":{"loc":{"start":{"line":32,"column":25},"end":{"line":32,"column":94}},"type":"binary-expr","locations":[{"start":{"line":32,"column":25},"end":{"line":32,"column":41}},{"start":{"line":32,"column":45},"end":{"line":32,"column":94}}],"line":32},"3":{"loc":{"start":{"line":41,"column":39},"end":{"line":41,"column":78}},"type":"cond-expr","locations":[{"start":{"line":41,"column":60},"end":{"line":41,"column":73}},{"start":{"line":41,"column":76},"end":{"line":41,"column":78}}],"line":41},"4":{"loc":{"start":{"line":43,"column":25},"end":{"line":43,"column":98}},"type":"binary-expr","locations":[{"start":{"line":43,"column":25},"end":{"line":43,"column":43}},{"start":{"line":43,"column":47},"end":{"line":43,"column":98}}],"line":43},"5":{"loc":{"start":{"line":54,"column":39},"end":{"line":54,"column":85}},"type":"cond-expr","locations":[{"start":{"line":54,"column":67},"end":{"line":54,"column":80}},{"start":{"line":54,"column":83},"end":{"line":54,"column":85}}],"line":54},"6":{"loc":{"start":{"line":56,"column":25},"end":{"line":56,"column":112}},"type":"binary-expr","locations":[{"start":{"line":56,"column":25},"end":{"line":56,"column":50}},{"start":{"line":56,"column":54},"end":{"line":56,"column":112}}],"line":56},"7":{"loc":{"start":{"line":65,"column":39},"end":{"line":65,"column":78}},"type":"cond-expr","locations":[{"start":{"line":65,"column":60},"end":{"line":65,"column":73}},{"start":{"line":65,"column":76},"end":{"line":65,"column":78}}],"line":65},"8":{"loc":{"start":{"line":67,"column":25},"end":{"line":67,"column":98}},"type":"binary-expr","locations":[{"start":{"line":67,"column":25},"end":{"line":67,"column":43}},{"start":{"line":67,"column":47},"end":{"line":67,"column":98}}],"line":67},"9":{"loc":{"start":{"line":78,"column":39},"end":{"line":78,"column":86}},"type":"cond-expr","locations":[{"start":{"line":78,"column":68},"end":{"line":78,"column":81}},{"start":{"line":78,"column":84},"end":{"line":78,"column":86}}],"line":78},"10":{"loc":{"start":{"line":80,"column":25},"end":{"line":80,"column":114}},"type":"binary-expr","locations":[{"start":{"line":80,"column":25},"end":{"line":80,"column":51}},{"start":{"line":80,"column":55},"end":{"line":80,"column":114}}],"line":80}},"s":{"0":3,"1":11,"2":11},"f":{"0":11},"b":{"0":[11,1,1],"1":[1,10],"2":[11,1],"3":[1,10],"4":[11,1],"5":[1,10],"6":[11,1],"7":[1,10],"8":[11,1],"9":[1,10],"10":[11,1]},"_coverageSchema":"1a1c01bbd47fc00a2c39e90264f33305004495a9","hash":"d878bcf7d3b0d181bf5397c3f27be89d11c3ad56"}
,"/Users/santiagocuascota/Desktop/KX/SantiagoCuascota/src/components/ProductForm/state/useProductForm.tsx": {"path":"/Users/santiagocuascota/Desktop/KX/SantiagoCuascota/src/components/ProductForm/state/useProductForm.tsx","statementMap":{"0":{"start":{"line":5,"column":32},"end":{"line":12,"column":1}},"1":{"start":{"line":22,"column":30},"end":{"line":121,"column":1}},"2":{"start":{"line":23,"column":34},"end":{"line":23,"column":99}},"3":{"start":{"line":24,"column":46},"end":{"line":24,"column":79}},"4":{"start":{"line":25,"column":42},"end":{"line":25,"column":57}},"5":{"start":{"line":27,"column":29},"end":{"line":30,"column":5}},"6":{"start":{"line":28,"column":8},"end":{"line":28,"column":59}},"7":{"start":{"line":28,"column":34},"end":{"line":28,"column":56}},"8":{"start":{"line":29,"column":8},"end":{"line":29,"column":43}},"9":{"start":{"line":29,"column":21},"end":{"line":29,"column":43}},"10":{"start":{"line":32,"column":21},"end":{"line":63,"column":5}},"11":{"start":{"line":33,"column":22},"end":{"line":33,"column":60}},"12":{"start":{"line":35,"column":8},"end":{"line":61,"column":9}},"13":{"start":{"line":37,"column":16},"end":{"line":39,"column":50}},"14":{"start":{"line":38,"column":20},"end":{"line":38,"column":70}},"15":{"start":{"line":39,"column":23},"end":{"line":39,"column":50}},"16":{"start":{"line":40,"column":16},"end":{"line":40,"column":22}},"17":{"start":{"line":42,"column":16},"end":{"line":44,"column":52}},"18":{"start":{"line":43,"column":20},"end":{"line":43,"column":74}},"19":{"start":{"line":44,"column":23},"end":{"line":44,"column":52}},"20":{"start":{"line":45,"column":16},"end":{"line":45,"column":22}},"21":{"start":{"line":47,"column":16},"end":{"line":49,"column":59}},"22":{"start":{"line":48,"column":20},"end":{"line":48,"column":88}},"23":{"start":{"line":49,"column":23},"end":{"line":49,"column":59}},"24":{"start":{"line":50,"column":16},"end":{"line":50,"column":22}},"25":{"start":{"line":52,"column":16},"end":{"line":54,"column":52}},"26":{"start":{"line":53,"column":20},"end":{"line":53,"column":74}},"27":{"start":{"line":54,"column":23},"end":{"line":54,"column":52}},"28":{"start":{"line":55,"column":16},"end":{"line":55,"column":22}},"29":{"start":{"line":57,"column":16},"end":{"line":59,"column":60}},"30":{"start":{"line":58,"column":20},"end":{"line":58,"column":90}},"31":{"start":{"line":59,"column":23},"end":{"line":59,"column":60}},"32":{"start":{"line":60,"column":16},"end":{"line":60,"column":22}},"33":{"start":{"line":65,"column":25},"end":{"line":70,"column":5}},"34":{"start":{"line":66,"column":30},"end":{"line":66,"column":38}},"35":{"start":{"line":68,"column":8},"end":{"line":68,"column":55}},"36":{"start":{"line":68,"column":28},"end":{"line":68,"column":52}},"37":{"start":{"line":69,"column":8},"end":{"line":69,"column":29}},"38":{"start":{"line":72,"column":25},"end":{"line":77,"column":5}},"39":{"start":{"line":73,"column":8},"end":{"line":73,"column":27}},"40":{"start":{"line":74,"column":8},"end":{"line":74,"column":40}},"41":{"start":{"line":75,"column":8},"end":{"line":75,"column":34}},"42":{"start":{"line":76,"column":8},"end":{"line":76,"column":29}},"43":{"start":{"line":79,"column":23},"end":{"line":84,"column":5}},"44":{"start":{"line":80,"column":8},"end":{"line":80,"column":27}},"45":{"start":{"line":81,"column":8},"end":{"line":83,"column":9}},"46":{"start":{"line":82,"column":12},"end":{"line":82,"column":34}},"47":{"start":{"line":86,"column":4},"end":{"line":95,"column":31}},"48":{"start":{"line":87,"column":8},"end":{"line":94,"column":9}},"49":{"start":{"line":88,"column":32},"end":{"line":88,"column":76}},"50":{"start":{"line":89,"column":33},"end":{"line":89,"column":97}},"51":{"start":{"line":91,"column":12},"end":{"line":91,"column":101}},"52":{"start":{"line":91,"column":32},"end":{"line":91,"column":98}},"53":{"start":{"line":93,"column":12},"end":{"line":93,"column":63}},"54":{"start":{"line":93,"column":32},"end":{"line":93,"column":60}},"55":{"start":{"line":97,"column":4},"end":{"line":111,"column":24}},"56":{"start":{"line":98,"column":8},"end":{"line":110,"column":33}},"57":{"start":{"line":108,"column":12},"end":{"line":108,"column":32}},"58":{"start":{"line":110,"column":12},"end":{"line":110,"column":33}},"59":{"start":{"line":113,"column":4},"end":{"line":120,"column":5}}},"fnMap":{"0":{"name":"(anonymous_0)","decl":{"start":{"line":22,"column":30},"end":{"line":22,"column":31}},"loc":{"start":{"line":22,"column":59},"end":{"line":121,"column":1}},"line":22},"1":{"name":"(anonymous_1)","decl":{"start":{"line":27,"column":29},"end":{"line":27,"column":30}},"loc":{"start":{"line":27,"column":95},"end":{"line":30,"column":5}},"line":27},"2":{"name":"(anonymous_2)","decl":{"start":{"line":28,"column":25},"end":{"line":28,"column":26}},"loc":{"start":{"line":28,"column":34},"end":{"line":28,"column":56}},"line":28},"3":{"name":"(anonymous_3)","decl":{"start":{"line":32,"column":21},"end":{"line":32,"column":22}},"loc":{"start":{"line":32,"column":54},"end":{"line":63,"column":5}},"line":32},"4":{"name":"(anonymous_4)","decl":{"start":{"line":65,"column":25},"end":{"line":65,"column":26}},"loc":{"start":{"line":65,"column":63},"end":{"line":70,"column":5}},"line":65},"5":{"name":"(anonymous_5)","decl":{"start":{"line":68,"column":19},"end":{"line":68,"column":20}},"loc":{"start":{"line":68,"column":28},"end":{"line":68,"column":52}},"line":68},"6":{"name":"(anonymous_6)","decl":{"start":{"line":72,"column":25},"end":{"line":72,"column":26}},"loc":{"start":{"line":72,"column":43},"end":{"line":77,"column":5}},"line":72},"7":{"name":"(anonymous_7)","decl":{"start":{"line":79,"column":23},"end":{"line":79,"column":24}},"loc":{"start":{"line":79,"column":41},"end":{"line":84,"column":5}},"line":79},"8":{"name":"(anonymous_8)","decl":{"start":{"line":86,"column":14},"end":{"line":86,"column":15}},"loc":{"start":{"line":86,"column":20},"end":{"line":95,"column":5}},"line":86},"9":{"name":"(anonymous_9)","decl":{"start":{"line":91,"column":23},"end":{"line":91,"column":24}},"loc":{"start":{"line":91,"column":32},"end":{"line":91,"column":98}},"line":91},"10":{"name":"(anonymous_10)","decl":{"start":{"line":93,"column":23},"end":{"line":93,"column":24}},"loc":{"start":{"line":93,"column":32},"end":{"line":93,"column":60}},"line":93},"11":{"name":"(anonymous_11)","decl":{"start":{"line":97,"column":14},"end":{"line":97,"column":15}},"loc":{"start":{"line":97,"column":20},"end":{"line":111,"column":5}},"line":97}},"branchMap":{"0":{"loc":{"start":{"line":23,"column":52},"end":{"line":23,"column":98}},"type":"cond-expr","locations":[{"start":{"line":23,"column":68},"end":{"line":23,"column":81}},{"start":{"line":23,"column":84},"end":{"line":23,"column":98}}],"line":23},"1":{"loc":{"start":{"line":29,"column":8},"end":{"line":29,"column":43}},"type":"if","locations":[{"start":{"line":29,"column":8},"end":{"line":29,"column":43}},{"start":{},"end":{}}],"line":29},"2":{"loc":{"start":{"line":35,"column":8},"end":{"line":61,"column":9}},"type":"switch","locations":[{"start":{"line":36,"column":12},"end":{"line":40,"column":22}},{"start":{"line":41,"column":12},"end":{"line":45,"column":22}},{"start":{"line":46,"column":12},"end":{"line":50,"column":22}},{"start":{"line":51,"column":12},"end":{"line":55,"column":22}},{"start":{"line":56,"column":12},"end":{"line":60,"column":22}}],"line":35},"3":{"loc":{"start":{"line":37,"column":16},"end":{"line":39,"column":50}},"type":"if","locations":[{"start":{"line":37,"column":16},"end":{"line":39,"column":50}},{"start":{"line":39,"column":23},"end":{"line":39,"column":50}}],"line":37},"4":{"loc":{"start":{"line":37,"column":20},"end":{"line":37,"column":67}},"type":"binary-expr","locations":[{"start":{"line":37,"column":20},"end":{"line":37,"column":26}},{"start":{"line":37,"column":30},"end":{"line":37,"column":46}},{"start":{"line":37,"column":50},"end":{"line":37,"column":67}}],"line":37},"5":{"loc":{"start":{"line":42,"column":16},"end":{"line":44,"column":52}},"type":"if","locations":[{"start":{"line":42,"column":16},"end":{"line":44,"column":52}},{"start":{"line":44,"column":23},"end":{"line":44,"column":52}}],"line":42},"6":{"loc":{"start":{"line":42,"column":20},"end":{"line":42,"column":68}},"type":"binary-expr","locations":[{"start":{"line":42,"column":20},"end":{"line":42,"column":26}},{"start":{"line":42,"column":30},"end":{"line":42,"column":46}},{"start":{"line":42,"column":50},"end":{"line":42,"column":68}}],"line":42},"7":{"loc":{"start":{"line":47,"column":16},"end":{"line":49,"column":59}},"type":"if","locations":[{"start":{"line":47,"column":16},"end":{"line":49,"column":59}},{"start":{"line":49,"column":23},"end":{"line":49,"column":59}}],"line":47},"8":{"loc":{"start":{"line":47,"column":20},"end":{"line":47,"column":69}},"type":"binary-expr","locations":[{"start":{"line":47,"column":20},"end":{"line":47,"column":26}},{"start":{"line":47,"column":30},"end":{"line":47,"column":47}},{"start":{"line":47,"column":51},"end":{"line":47,"column":69}}],"line":47},"9":{"loc":{"start":{"line":52,"column":16},"end":{"line":54,"column":52}},"type":"if","locations":[{"start":{"line":52,"column":16},"end":{"line":54,"column":52}},{"start":{"line":54,"column":23},"end":{"line":54,"column":52}}],"line":52},"10":{"loc":{"start":{"line":57,"column":16},"end":{"line":59,"column":60}},"type":"if","locations":[{"start":{"line":57,"column":16},"end":{"line":59,"column":60}},{"start":{"line":59,"column":23},"end":{"line":59,"column":60}}],"line":57},"11":{"loc":{"start":{"line":57,"column":20},"end":{"line":57,"column":43}},"type":"binary-expr","locations":[{"start":{"line":57,"column":20},"end":{"line":57,"column":26}},{"start":{"line":57,"column":30},"end":{"line":57,"column":43}}],"line":57},"12":{"loc":{"start":{"line":81,"column":8},"end":{"line":83,"column":9}},"type":"if","locations":[{"start":{"line":81,"column":8},"end":{"line":83,"column":9}},{"start":{},"end":{}}],"line":81},"13":{"loc":{"start":{"line":87,"column":8},"end":{"line":94,"column":9}},"type":"if","locations":[{"start":{"line":87,"column":8},"end":{"line":94,"column":9}},{"start":{"line":92,"column":15},"end":{"line":94,"column":9}}],"line":87},"14":{"loc":{"start":{"line":98,"column":8},"end":{"line":110,"column":33}},"type":"if","locations":[{"start":{"line":98,"column":8},"end":{"line":110,"column":33}},{"start":{"line":110,"column":12},"end":{"line":110,"column":33}}],"line":98},"15":{"loc":{"start":{"line":98,"column":12},"end":{"line":107,"column":32}},"type":"binary-expr","locations":[{"start":{"line":98,"column":12},"end":{"line":98,"column":29}},{"start":{"line":99,"column":12},"end":{"line":99,"column":31}},{"start":{"line":100,"column":12},"end":{"line":100,"column":38}},{"start":{"line":101,"column":12},"end":{"line":101,"column":31}},{"start":{"line":102,"column":12},"end":{"line":102,"column":39}},{"start":{"line":103,"column":12},"end":{"line":103,"column":22}},{"start":{"line":104,"column":12},"end":{"line":104,"column":24}},{"start":{"line":105,"column":12},"end":{"line":105,"column":31}},{"start":{"line":106,"column":12},"end":{"line":106,"column":24}},{"start":{"line":107,"column":12},"end":{"line":107,"column":32}}],"line":98}},"s":{"0":4,"1":4,"2":34,"3":34,"4":34,"5":34,"6":17,"7":17,"8":17,"9":5,"10":34,"11":17,"12":17,"13":5,"14":1,"15":4,"16":5,"17":3,"18":1,"19":2,"20":3,"21":3,"22":1,"23":2,"24":3,"25":3,"26":1,"27":2,"28":3,"29":3,"30":1,"31":2,"32":3,"33":34,"34":17,"35":17,"36":17,"37":17,"38":34,"39":1,"40":1,"41":1,"42":1,"43":34,"44":2,"45":2,"46":1,"47":34,"48":14,"49":3,"50":3,"51":3,"52":3,"53":11,"54":11,"55":34,"56":17,"57":2,"58":15,"59":34},"f":{"0":34,"1":17,"2":17,"3":17,"4":17,"5":17,"6":1,"7":2,"8":14,"9":3,"10":11,"11":17},"b":{"0":[6,28],"1":[5,12],"2":[5,3,3,3,3],"3":[1,4],"4":[5,5,4],"5":[1,2],"6":[3,3,2],"7":[1,2],"8":[3,3,2],"9":[1,2],"10":[1,2],"11":[3,3],"12":[1,1],"13":[3,11],"14":[2,15],"15":[17,16,16,16,16,16,5,3,3,3]},"_coverageSchema":"1a1c01bbd47fc00a2c39e90264f33305004495a9","hash":"bafda9f089d1e6f49b6e213e4fe0cd7133ed07eb"}
,"/Users/santiagocuascota/Desktop/KX/SantiagoCuascota/src/components/ProductsTable/ProductsTable.tsx": {"path":"/Users/santiagocuascota/Desktop/KX/SantiagoCuascota/src/components/ProductsTable/ProductsTable.tsx","statementMap":{"0":{"start":{"line":14,"column":29},"end":{"line":140,"column":1}},"1":{"start":{"line":28,"column":8},"end":{"line":28,"column":36}},"2":{"start":{"line":30,"column":4},"end":{"line":139,"column":7}},"3":{"start":{"line":57,"column":28},"end":{"line":74,"column":33}},"4":{"start":{"line":78,"column":24},"end":{"line":97,"column":29}},"5":{"start":{"line":87,"column":115},"end":{"line":87,"column":141}},"6":{"start":{"line":92,"column":87},"end":{"line":92,"column":108}},"7":{"start":{"line":93,"column":87},"end":{"line":93,"column":127}}},"fnMap":{"0":{"name":"(anonymous_0)","decl":{"start":{"line":14,"column":29},"end":{"line":14,"column":30}},"loc":{"start":{"line":14,"column":59},"end":{"line":140,"column":1}},"line":14},"1":{"name":"(anonymous_1)","decl":{"start":{"line":56,"column":52},"end":{"line":56,"column":53}},"loc":{"start":{"line":57,"column":28},"end":{"line":74,"column":33}},"line":57},"2":{"name":"(anonymous_2)","decl":{"start":{"line":77,"column":43},"end":{"line":77,"column":44}},"loc":{"start":{"line":78,"column":24},"end":{"line":97,"column":29}},"line":78},"3":{"name":"(anonymous_3)","decl":{"start":{"line":87,"column":109},"end":{"line":87,"column":110}},"loc":{"start":{"line":87,"column":115},"end":{"line":87,"column":141}},"line":87},"4":{"name":"(anonymous_4)","decl":{"start":{"line":92,"column":81},"end":{"line":92,"column":82}},"loc":{"start":{"line":92,"column":87},"end":{"line":92,"column":108}},"line":92},"5":{"name":"(anonymous_5)","decl":{"start":{"line":93,"column":81},"end":{"line":93,"column":82}},"loc":{"start":{"line":93,"column":87},"end":{"line":93,"column":127}},"line":93}},"branchMap":{"0":{"loc":{"start":{"line":54,"column":17},"end":{"line":98,"column":22}},"type":"cond-expr","locations":[{"start":{"line":56,"column":24},"end":{"line":75,"column":26}},{"start":{"line":77,"column":22},"end":{"line":98,"column":22}}],"line":54},"1":{"loc":{"start":{"line":90,"column":33},"end":{"line":95,"column":33}},"type":"binary-expr","locations":[{"start":{"line":90,"column":33},"end":{"line":90,"column":56}},{"start":{"line":91,"column":36},"end":{"line":94,"column":41}}],"line":90},"2":{"loc":{"start":{"line":101,"column":13},"end":{"line":103,"column":18}},"type":"binary-expr","locations":[{"start":{"line":101,"column":13},"end":{"line":101,"column":42}},{"start":{"line":101,"column":46},"end":{"line":101,"column":62}},{"start":{"line":101,"column":66},"end":{"line":101,"column":78}},{"start":{"line":101,"column":82},"end":{"line":103,"column":18}}],"line":101},"3":{"loc":{"start":{"line":104,"column":13},"end":{"line":106,"column":18}},"type":"binary-expr","locations":[{"start":{"line":104,"column":13},"end":{"line":104,"column":24}},{"start":{"line":104,"column":28},"end":{"line":106,"column":18}}],"line":104}},"s":{"0":2,"1":16,"2":16,"3":10,"4":6,"5":2,"6":1,"7":1},"f":{"0":16,"1":10,"2":6,"3":2,"4":1,"5":1},"b":{"0":[2,14],"1":[6,2],"2":[16,9,8,7],"3":[16,2]},"_coverageSchema":"1a1c01bbd47fc00a2c39e90264f33305004495a9","hash":"0506210a968e52577528fcda8e9fbb95b59893c2"}
,"/Users/santiagocuascota/Desktop/KX/SantiagoCuascota/src/components/ProductsTable/state/useProductsTable.state.tsx": {"path":"/Users/santiagocuascota/Desktop/KX/SantiagoCuascota/src/components/ProductsTable/state/useProductsTable.state.tsx","statementMap":{"0":{"start":{"line":5,"column":37},"end":{"line":65,"column":1}},"1":{"start":{"line":6,"column":42},"end":{"line":6,"column":53}},"2":{"start":{"line":7,"column":44},"end":{"line":7,"column":55}},"3":{"start":{"line":8,"column":40},"end":{"line":8,"column":52}},"4":{"start":{"line":9,"column":40},"end":{"line":9,"column":69}},"5":{"start":{"line":11,"column":52},"end":{"line":11,"column":75}},"6":{"start":{"line":13,"column":23},"end":{"line":13,"column":44}},"7":{"start":{"line":14,"column":23},"end":{"line":14,"column":59}},"8":{"start":{"line":16,"column":27},"end":{"line":18,"column":5}},"9":{"start":{"line":17,"column":8},"end":{"line":17,"column":57}},"10":{"start":{"line":17,"column":31},"end":{"line":17,"column":54}},"11":{"start":{"line":20,"column":29},"end":{"line":22,"column":5}},"12":{"start":{"line":21,"column":8},"end":{"line":21,"column":61}},"13":{"start":{"line":21,"column":29},"end":{"line":21,"column":61}},"14":{"start":{"line":24,"column":25},"end":{"line":26,"column":5}},"15":{"start":{"line":25,"column":8},"end":{"line":25,"column":70}},"16":{"start":{"line":25,"column":38},"end":{"line":25,"column":70}},"17":{"start":{"line":28,"column":37},"end":{"line":31,"column":5}},"18":{"start":{"line":29,"column":8},"end":{"line":29,"column":54}},"19":{"start":{"line":30,"column":8},"end":{"line":30,"column":26}},"20":{"start":{"line":33,"column":31},"end":{"line":36,"column":5}},"21":{"start":{"line":34,"column":8},"end":{"line":34,"column":42}},"22":{"start":{"line":35,"column":8},"end":{"line":35,"column":26}},"23":{"start":{"line":38,"column":4},"end":{"line":49,"column":64}},"24":{"start":{"line":39,"column":32},"end":{"line":39,"column":58}},"25":{"start":{"line":40,"column":33},"end":{"line":40,"column":63}},"26":{"start":{"line":42,"column":25},"end":{"line":45,"column":50}},"27":{"start":{"line":43,"column":12},"end":{"line":44,"column":80}},"28":{"start":{"line":47,"column":8},"end":{"line":47,"column":37}},"29":{"start":{"line":51,"column":4},"end":{"line":64,"column":5}}},"fnMap":{"0":{"name":"(anonymous_0)","decl":{"start":{"line":5,"column":37},"end":{"line":5,"column":38}},"loc":{"start":{"line":5,"column":67},"end":{"line":65,"column":1}},"line":5},"1":{"name":"(anonymous_1)","decl":{"start":{"line":16,"column":27},"end":{"line":16,"column":28}},"loc":{"start":{"line":16,"column":43},"end":{"line":18,"column":5}},"line":16},"2":{"name":"(anonymous_2)","decl":{"start":{"line":17,"column":22},"end":{"line":17,"column":23}},"loc":{"start":{"line":17,"column":31},"end":{"line":17,"column":54}},"line":17},"3":{"name":"(anonymous_3)","decl":{"start":{"line":20,"column":29},"end":{"line":20,"column":30}},"loc":{"start":{"line":20,"column":35},"end":{"line":22,"column":5}},"line":20},"4":{"name":"(anonymous_4)","decl":{"start":{"line":24,"column":25},"end":{"line":24,"column":26}},"loc":{"start":{"line":24,"column":31},"end":{"line":26,"column":5}},"line":24},"5":{"name":"(anonymous_5)","decl":{"start":{"line":28,"column":37},"end":{"line":28,"column":38}},"loc":{"start":{"line":28,"column":80},"end":{"line":31,"column":5}},"line":28},"6":{"name":"(anonymous_6)","decl":{"start":{"line":33,"column":31},"end":{"line":33,"column":32}},"loc":{"start":{"line":33,"column":73},"end":{"line":36,"column":5}},"line":33},"7":{"name":"(anonymous_7)","decl":{"start":{"line":38,"column":14},"end":{"line":38,"column":15}},"loc":{"start":{"line":38,"column":20},"end":{"line":49,"column":5}},"line":38},"8":{"name":"(anonymous_8)","decl":{"start":{"line":42,"column":47},"end":{"line":42,"column":48}},"loc":{"start":{"line":43,"column":12},"end":{"line":44,"column":80}},"line":43}},"branchMap":{"0":{"loc":{"start":{"line":17,"column":31},"end":{"line":17,"column":54}},"type":"cond-expr","locations":[{"start":{"line":17,"column":45},"end":{"line":17,"column":49}},{"start":{"line":17,"column":52},"end":{"line":17,"column":54}}],"line":17},"1":{"loc":{"start":{"line":21,"column":8},"end":{"line":21,"column":61}},"type":"if","locations":[{"start":{"line":21,"column":8},"end":{"line":21,"column":61}},{"start":{},"end":{}}],"line":21},"2":{"loc":{"start":{"line":25,"column":8},"end":{"line":25,"column":70}},"type":"if","locations":[{"start":{"line":25,"column":8},"end":{"line":25,"column":70}},{"start":{},"end":{}}],"line":25},"3":{"loc":{"start":{"line":43,"column":12},"end":{"line":44,"column":80}},"type":"binary-expr","locations":[{"start":{"line":43,"column":12},"end":{"line":43,"column":73}},{"start":{"line":44,"column":12},"end":{"line":44,"column":80}}],"line":43}},"s":{"0":3,"1":40,"2":40,"3":40,"4":40,"5":40,"6":40,"7":40,"8":40,"9":4,"10":4,"11":40,"12":2,"13":1,"14":40,"15":2,"16":1,"17":40,"18":1,"19":1,"20":40,"21":1,"22":1,"23":40,"24":18,"25":18,"26":18,"27":30,"28":18,"29":40},"f":{"0":40,"1":4,"2":4,"3":2,"4":2,"5":1,"6":1,"7":18,"8":30},"b":{"0":[1,3],"1":[1,1],"2":[1,1],"3":[30,1]},"_coverageSchema":"1a1c01bbd47fc00a2c39e90264f33305004495a9","hash":"dd82f927421c987df2a7e68da73597b3799234a1"}
,"/Users/santiagocuascota/Desktop/KX/SantiagoCuascota/src/containers/AddProduct/AddProduct.tsx": {"path":"/Users/santiagocuascota/Desktop/KX/SantiagoCuascota/src/containers/AddProduct/AddProduct.tsx","statementMap":{"0":{"start":{"line":8,"column":26},"end":{"line":32,"column":1}},"1":{"start":{"line":9,"column":21},"end":{"line":9,"column":34}},"2":{"start":{"line":10,"column":25},"end":{"line":10,"column":63}},"3":{"start":{"line":11,"column":26},"end":{"line":11,"column":65}},"4":{"start":{"line":12,"column":40},"end":{"line":12,"column":59}},"5":{"start":{"line":14,"column":19},"end":{"line":17,"column":5}},"6":{"start":{"line":15,"column":8},"end":{"line":15,"column":40}},"7":{"start":{"line":16,"column":8},"end":{"line":16,"column":30}},"8":{"start":{"line":19,"column":4},"end":{"line":22,"column":34}},"9":{"start":{"line":20,"column":8},"end":{"line":21,"column":43}},"10":{"start":{"line":21,"column":12},"end":{"line":21,"column":43}},"11":{"start":{"line":24,"column":4},"end":{"line":28,"column":53}},"12":{"start":{"line":25,"column":8},"end":{"line":26,"column":24}},"13":{"start":{"line":26,"column":12},"end":{"line":26,"column":24}},"14":{"start":{"line":31,"column":4},"end":{"line":31,"column":161}}},"fnMap":{"0":{"name":"(anonymous_0)","decl":{"start":{"line":8,"column":26},"end":{"line":8,"column":27}},"loc":{"start":{"line":8,"column":32},"end":{"line":32,"column":1}},"line":8},"1":{"name":"(anonymous_1)","decl":{"start":{"line":14,"column":19},"end":{"line":14,"column":20}},"loc":{"start":{"line":14,"column":41},"end":{"line":17,"column":5}},"line":14},"2":{"name":"(anonymous_2)","decl":{"start":{"line":19,"column":14},"end":{"line":19,"column":15}},"loc":{"start":{"line":19,"column":20},"end":{"line":22,"column":5}},"line":19},"3":{"name":"(anonymous_3)","decl":{"start":{"line":24,"column":14},"end":{"line":24,"column":15}},"loc":{"start":{"line":24,"column":20},"end":{"line":28,"column":5}},"line":24}},"branchMap":{"0":{"loc":{"start":{"line":20,"column":8},"end":{"line":21,"column":43}},"type":"if","locations":[{"start":{"line":20,"column":8},"end":{"line":21,"column":43}},{"start":{},"end":{}}],"line":20},"1":{"loc":{"start":{"line":20,"column":12},"end":{"line":20,"column":72}},"type":"binary-expr","locations":[{"start":{"line":20,"column":12},"end":{"line":20,"column":35}},{"start":{"line":20,"column":39},"end":{"line":20,"column":49}},{"start":{"line":20,"column":53},"end":{"line":20,"column":72}}],"line":20},"2":{"loc":{"start":{"line":25,"column":8},"end":{"line":26,"column":24}},"type":"if","locations":[{"start":{"line":25,"column":8},"end":{"line":26,"column":24}},{"start":{},"end":{}}],"line":25},"3":{"loc":{"start":{"line":25,"column":12},"end":{"line":25,"column":57}},"type":"binary-expr","locations":[{"start":{"line":25,"column":12},"end":{"line":25,"column":34}},{"start":{"line":25,"column":38},"end":{"line":25,"column":57}}],"line":25},"4":{"loc":{"start":{"line":31,"column":47},"end":{"line":31,"column":114}},"type":"binary-expr","locations":[{"start":{"line":31,"column":47},"end":{"line":31,"column":67}},{"start":{"line":31,"column":71},"end":{"line":31,"column":92}},{"start":{"line":31,"column":96},"end":{"line":31,"column":114}}],"line":31}},"s":{"0":1,"1":2,"2":2,"3":2,"4":2,"5":2,"6":0,"7":0,"8":2,"9":2,"10":0,"11":2,"12":2,"13":1,"14":2},"f":{"0":2,"1":0,"2":2,"3":2},"b":{"0":[0,2],"1":[2,1,0],"2":[1,1],"3":[2,1],"4":[2,2,2]},"_coverageSchema":"1a1c01bbd47fc00a2c39e90264f33305004495a9","hash":"02012761a63b4e6eb63648c7562abd2622915acf"}
,"/Users/santiagocuascota/Desktop/KX/SantiagoCuascota/src/containers/Products/Products.tsx": {"path":"/Users/santiagocuascota/Desktop/KX/SantiagoCuascota/src/containers/Products/Products.tsx","statementMap":{"0":{"start":{"line":6,"column":24},"end":{"line":28,"column":1}},"1":{"start":{"line":19,"column":8},"end":{"line":19,"column":21}},"2":{"start":{"line":21,"column":4},"end":{"line":27,"column":7}}},"fnMap":{"0":{"name":"(anonymous_0)","decl":{"start":{"line":6,"column":24},"end":{"line":6,"column":25}},"loc":{"start":{"line":6,"column":30},"end":{"line":28,"column":1}},"line":6}},"branchMap":{"0":{"loc":{"start":{"line":22,"column":9},"end":{"line":22,"column":67}},"type":"binary-expr","locations":[{"start":{"line":22,"column":9},"end":{"line":22,"column":16}},{"start":{"line":22,"column":20},"end":{"line":22,"column":67}}],"line":22},"1":{"loc":{"start":{"line":25,"column":33},"end":{"line":25,"column":54}},"type":"cond-expr","locations":[{"start":{"line":25,"column":40},"end":{"line":25,"column":49}},{"start":{"line":25,"column":52},"end":{"line":25,"column":54}}],"line":25}},"s":{"0":1,"1":2,"2":2},"f":{"0":2},"b":{"0":[2,1],"1":[0,2]},"_coverageSchema":"1a1c01bbd47fc00a2c39e90264f33305004495a9","hash":"7ac74c71458cb8061564aef1612d18a3340765fa"}
,"/Users/santiagocuascota/Desktop/KX/SantiagoCuascota/src/containers/Products/state/useProducts.tsx": {"path":"/Users/santiagocuascota/Desktop/KX/SantiagoCuascota/src/containers/Products/state/useProducts.tsx","statementMap":{"0":{"start":{"line":8,"column":25},"end":{"line":62,"column":1}},"1":{"start":{"line":9,"column":21},"end":{"line":9,"column":34}},"2":{"start":{"line":10,"column":50},"end":{"line":10,"column":65}},"3":{"start":{"line":11,"column":36},"end":{"line":11,"column":48}},"4":{"start":{"line":12,"column":40},"end":{"line":12,"column":52}},"5":{"start":{"line":14,"column":52},"end":{"line":14,"column":108}},"6":{"start":{"line":15,"column":41},"end":{"line":15,"column":101}},"7":{"start":{"line":15,"column":82},"end":{"line":15,"column":99}},"8":{"start":{"line":17,"column":18},"end":{"line":19,"column":5}},"9":{"start":{"line":18,"column":8},"end":{"line":18,"column":31}},"10":{"start":{"line":21,"column":19},"end":{"line":23,"column":5}},"11":{"start":{"line":22,"column":8},"end":{"line":22,"column":51}},"12":{"start":{"line":25,"column":21},"end":{"line":29,"column":5}},"13":{"start":{"line":26,"column":8},"end":{"line":26,"column":32}},"14":{"start":{"line":27,"column":8},"end":{"line":27,"column":27}},"15":{"start":{"line":28,"column":8},"end":{"line":28,"column":23}},"16":{"start":{"line":31,"column":28},"end":{"line":36,"column":5}},"17":{"start":{"line":32,"column":8},"end":{"line":32,"column":24}},"18":{"start":{"line":33,"column":8},"end":{"line":33,"column":33}},"19":{"start":{"line":34,"column":8},"end":{"line":34,"column":25}},"20":{"start":{"line":35,"column":8},"end":{"line":35,"column":23}},"21":{"start":{"line":38,"column":27},"end":{"line":42,"column":5}},"22":{"start":{"line":39,"column":8},"end":{"line":39,"column":33}},"23":{"start":{"line":40,"column":8},"end":{"line":40,"column":25}},"24":{"start":{"line":41,"column":8},"end":{"line":41,"column":23}},"25":{"start":{"line":44,"column":4},"end":{"line":47,"column":20}},"26":{"start":{"line":45,"column":8},"end":{"line":46,"column":21}},"27":{"start":{"line":46,"column":12},"end":{"line":46,"column":21}},"28":{"start":{"line":49,"column":4},"end":{"line":61,"column":5}}},"fnMap":{"0":{"name":"(anonymous_0)","decl":{"start":{"line":8,"column":25},"end":{"line":8,"column":26}},"loc":{"start":{"line":8,"column":29},"end":{"line":62,"column":1}},"line":8},"1":{"name":"(anonymous_1)","decl":{"start":{"line":15,"column":66},"end":{"line":15,"column":67}},"loc":{"start":{"line":15,"column":82},"end":{"line":15,"column":99}},"line":15},"2":{"name":"(anonymous_2)","decl":{"start":{"line":17,"column":18},"end":{"line":17,"column":19}},"loc":{"start":{"line":17,"column":24},"end":{"line":19,"column":5}},"line":17},"3":{"name":"(anonymous_3)","decl":{"start":{"line":21,"column":19},"end":{"line":21,"column":20}},"loc":{"start":{"line":21,"column":41},"end":{"line":23,"column":5}},"line":21},"4":{"name":"(anonymous_4)","decl":{"start":{"line":25,"column":21},"end":{"line":25,"column":22}},"loc":{"start":{"line":25,"column":51},"end":{"line":29,"column":5}},"line":25},"5":{"name":"(anonymous_5)","decl":{"start":{"line":31,"column":28},"end":{"line":31,"column":29}},"loc":{"start":{"line":31,"column":34},"end":{"line":36,"column":5}},"line":31},"6":{"name":"(anonymous_6)","decl":{"start":{"line":38,"column":27},"end":{"line":38,"column":28}},"loc":{"start":{"line":38,"column":33},"end":{"line":42,"column":5}},"line":38},"7":{"name":"(anonymous_7)","decl":{"start":{"line":44,"column":14},"end":{"line":44,"column":15}},"loc":{"start":{"line":44,"column":20},"end":{"line":47,"column":5}},"line":44}},"branchMap":{"0":{"loc":{"start":{"line":45,"column":8},"end":{"line":46,"column":21}},"type":"if","locations":[{"start":{"line":45,"column":8},"end":{"line":46,"column":21}},{"start":{},"end":{}}],"line":45}},"s":{"0":2,"1":8,"2":8,"3":8,"4":8,"5":8,"6":8,"7":0,"8":8,"9":1,"10":8,"11":1,"12":8,"13":1,"14":1,"15":1,"16":8,"17":1,"18":1,"19":1,"20":1,"21":8,"22":1,"23":1,"24":1,"25":8,"26":7,"27":0,"28":8},"f":{"0":8,"1":0,"2":1,"3":1,"4":1,"5":1,"6":1,"7":7},"b":{"0":[0,7]},"_coverageSchema":"1a1c01bbd47fc00a2c39e90264f33305004495a9","hash":"7f4c1c71bc9594a3cfa7c3a553f4b76fe39d00e5"}
,"/Users/santiagocuascota/Desktop/KX/SantiagoCuascota/src/containers/UpdateProduct/UpdateProduct.tsx": {"path":"/Users/santiagocuascota/Desktop/KX/SantiagoCuascota/src/containers/UpdateProduct/UpdateProduct.tsx","statementMap":{"0":{"start":{"line":8,"column":27},"end":{"line":28,"column":1}},"1":{"start":{"line":9,"column":21},"end":{"line":9,"column":34}},"2":{"start":{"line":10,"column":21},"end":{"line":10,"column":34}},"3":{"start":{"line":11,"column":20},"end":{"line":11,"column":45}},"4":{"start":{"line":13,"column":38},"end":{"line":13,"column":105}},"5":{"start":{"line":13,"column":78},"end":{"line":13,"column":103}},"6":{"start":{"line":16,"column":17},"end":{"line":18,"column":5}},"7":{"start":{"line":17,"column":8},"end":{"line":17,"column":23}},"8":{"start":{"line":20,"column":4},"end":{"line":24,"column":28}},"9":{"start":{"line":21,"column":8},"end":{"line":22,"column":24}},"10":{"start":{"line":22,"column":12},"end":{"line":22,"column":24}},"11":{"start":{"line":27,"column":4},"end":{"line":27,"column":118}}},"fnMap":{"0":{"name":"(anonymous_0)","decl":{"start":{"line":8,"column":27},"end":{"line":8,"column":28}},"loc":{"start":{"line":8,"column":31},"end":{"line":28,"column":1}},"line":8},"1":{"name":"(anonymous_1)","decl":{"start":{"line":13,"column":62},"end":{"line":13,"column":63}},"loc":{"start":{"line":13,"column":78},"end":{"line":13,"column":103}},"line":13},"2":{"name":"(anonymous_2)","decl":{"start":{"line":16,"column":17},"end":{"line":16,"column":18}},"loc":{"start":{"line":16,"column":36},"end":{"line":18,"column":5}},"line":16},"3":{"name":"(anonymous_3)","decl":{"start":{"line":20,"column":14},"end":{"line":20,"column":15}},"loc":{"start":{"line":20,"column":20},"end":{"line":24,"column":5}},"line":20}},"branchMap":{"0":{"loc":{"start":{"line":21,"column":8},"end":{"line":22,"column":24}},"type":"if","locations":[{"start":{"line":21,"column":8},"end":{"line":22,"column":24}},{"start":{},"end":{}}],"line":21},"1":{"loc":{"start":{"line":21,"column":11},"end":{"line":21,"column":32}},"type":"binary-expr","locations":[{"start":{"line":21,"column":11},"end":{"line":21,"column":20}},{"start":{"line":21,"column":24},"end":{"line":21,"column":32}}],"line":21}},"s":{"0":1,"1":2,"2":2,"3":2,"4":2,"5":0,"6":2,"7":0,"8":2,"9":2,"10":1,"11":2},"f":{"0":2,"1":0,"2":0,"3":2},"b":{"0":[1,1],"1":[2,1]},"_coverageSchema":"1a1c01bbd47fc00a2c39e90264f33305004495a9","hash":"bb512390def07c3fd20ee222c26eb7f9dfb7b6ec"}
,"/Users/santiagocuascota/Desktop/KX/SantiagoCuascota/src/shared/Interfaces/Product.interfaces.ts": {"path":"/Users/santiagocuascota/Desktop/KX/SantiagoCuascota/src/shared/Interfaces/Product.interfaces.ts","statementMap":{},"fnMap":{},"branchMap":{},"s":{},"f":{},"b":{}}
,"/Users/santiagocuascota/Desktop/KX/SantiagoCuascota/src/shared/enums/Path.enum.ts": {"path":"/Users/santiagocuascota/Desktop/KX/SantiagoCuascota/src/shared/enums/Path.enum.ts","statementMap":{},"fnMap":{},"branchMap":{},"s":{},"f":{},"b":{},"_coverageSchema":"1a1c01bbd47fc00a2c39e90264f33305004495a9","hash":"0f3f49299dfd271aa3c4befd7c693fc056849c69"}
}
