TN:
SF:jest.setup.ts
FNF:0
FNH:0
LF:0
LH:0
BRF:0
BRH:0
end_of_record
TN:
SF:vite.config.ts
FNF:0
FNH:0
LF:0
LH:0
BRF:0
BRH:0
end_of_record
TN:
SF:src/vite-env.d.ts
FNF:0
FNH:0
LF:0
LH:0
BRF:0
BRH:0
end_of_record
TN:
SF:src/components/Alert/Alert.tsx
FN:8,(anonymous_0)
FN:11,(anonymous_1)
FN:15,(anonymous_2)
FN:16,(anonymous_3)
FN:20,(anonymous_4)
FNF:5
FNH:5
FNDA:7,(anonymous_0)
FNDA:1,(anonymous_1)
FNDA:5,(anonymous_2)
FNDA:1,(anonymous_3)
FNDA:5,(anonymous_4)
DA:8,5
DA:9,7
DA:11,7
DA:12,1
DA:15,7
DA:16,5
DA:17,1
DA:20,5
DA:23,7
DA:25,5
LF:10
LH:10
BRDA:23,0,0,2
BRDA:23,0,1,5
BRF:2
BRH:2
end_of_record
TN:
SF:src/components/Nav/Nav.tsx
FN:3,(anonymous_0)
FNF:1
FNH:1
FNDA:1,(anonymous_0)
DA:3,1
DA:4,1
LF:2
LH:2
BRF:0
BRH:0
end_of_record
TN:
SF:src/components/ProductDeleteModal/ProductDeleteModal.tsx
FN:10,(anonymous_0)
FNF:1
FNH:1
FNDA:4,(anonymous_0)
DA:10,2
DA:11,4
DA:13,1
LF:3
LH:3
BRDA:11,0,0,3
BRDA:11,0,1,1
BRF:2
BRH:2
end_of_record
TN:
SF:src/components/ProductForm/ProductForm.tsx
FN:13,(anonymous_0)
FNF:1
FNH:1
FNDA:11,(anonymous_0)
DA:13,3
DA:14,11
DA:16,11
LF:3
LH:3
BRDA:18,0,0,11
BRDA:18,0,1,1
BRDA:18,0,2,1
BRDA:30,1,0,1
BRDA:30,1,1,10
BRDA:32,2,0,11
BRDA:32,2,1,1
BRDA:41,3,0,1
BRDA:41,3,1,10
BRDA:43,4,0,11
BRDA:43,4,1,1
BRDA:54,5,0,1
BRDA:54,5,1,10
BRDA:56,6,0,11
BRDA:56,6,1,1
BRDA:65,7,0,1
BRDA:65,7,1,10
BRDA:67,8,0,11
BRDA:67,8,1,1
BRDA:78,9,0,1
BRDA:78,9,1,10
BRDA:80,10,0,11
BRDA:80,10,1,1
BRF:23
BRH:23
end_of_record
TN:
SF:src/components/ProductForm/state/useProductForm.tsx
FN:22,(anonymous_0)
FN:27,(anonymous_1)
FN:28,(anonymous_2)
FN:32,(anonymous_3)
FN:65,(anonymous_4)
FN:68,(anonymous_5)
FN:72,(anonymous_6)
FN:79,(anonymous_7)
FN:86,(anonymous_8)
FN:91,(anonymous_9)
FN:93,(anonymous_10)
FN:97,(anonymous_11)
FNF:12
FNH:12
FNDA:34,(anonymous_0)
FNDA:17,(anonymous_1)
FNDA:17,(anonymous_2)
FNDA:17,(anonymous_3)
FNDA:17,(anonymous_4)
FNDA:17,(anonymous_5)
FNDA:1,(anonymous_6)
FNDA:2,(anonymous_7)
FNDA:14,(anonymous_8)
FNDA:3,(anonymous_9)
FNDA:11,(anonymous_10)
FNDA:17,(anonymous_11)
DA:5,4
DA:22,4
DA:23,34
DA:24,34
DA:25,34
DA:27,34
DA:28,17
DA:29,17
DA:32,34
DA:33,17
DA:35,17
DA:37,5
DA:38,1
DA:39,4
DA:40,5
DA:42,3
DA:43,1
DA:44,2
DA:45,3
DA:47,3
DA:48,1
DA:49,2
DA:50,3
DA:52,3
DA:53,1
DA:54,2
DA:55,3
DA:57,3
DA:58,1
DA:59,2
DA:60,3
DA:65,34
DA:66,17
DA:68,17
DA:69,17
DA:72,34
DA:73,1
DA:74,1
DA:75,1
DA:76,1
DA:79,34
DA:80,2
DA:81,2
DA:82,1
DA:86,34
DA:87,14
DA:88,3
DA:89,3
DA:91,3
DA:93,11
DA:97,34
DA:98,17
DA:108,2
DA:110,15
DA:113,34
LF:55
LH:55
BRDA:23,0,0,6
BRDA:23,0,1,28
BRDA:29,1,0,5
BRDA:29,1,1,12
BRDA:35,2,0,5
BRDA:35,2,1,3
BRDA:35,2,2,3
BRDA:35,2,3,3
BRDA:35,2,4,3
BRDA:37,3,0,1
BRDA:37,3,1,4
BRDA:37,4,0,5
BRDA:37,4,1,5
BRDA:37,4,2,4
BRDA:42,5,0,1
BRDA:42,5,1,2
BRDA:42,6,0,3
BRDA:42,6,1,3
BRDA:42,6,2,2
BRDA:47,7,0,1
BRDA:47,7,1,2
BRDA:47,8,0,3
BRDA:47,8,1,3
BRDA:47,8,2,2
BRDA:52,9,0,1
BRDA:52,9,1,2
BRDA:57,10,0,1
BRDA:57,10,1,2
BRDA:57,11,0,3
BRDA:57,11,1,3
BRDA:81,12,0,1
BRDA:81,12,1,1
BRDA:87,13,0,3
BRDA:87,13,1,11
BRDA:98,14,0,2
BRDA:98,14,1,15
BRDA:98,15,0,17
BRDA:98,15,1,16
BRDA:98,15,2,16
BRDA:98,15,3,16
BRDA:98,15,4,16
BRDA:98,15,5,16
BRDA:98,15,6,5
BRDA:98,15,7,3
BRDA:98,15,8,3
BRDA:98,15,9,3
BRF:46
BRH:46
end_of_record
TN:
SF:src/components/ProductsTable/ProductsTable.tsx
FN:14,(anonymous_0)
FN:56,(anonymous_1)
FN:77,(anonymous_2)
FN:87,(anonymous_3)
FN:92,(anonymous_4)
FN:93,(anonymous_5)
FNF:6
FNH:6
FNDA:16,(anonymous_0)
FNDA:10,(anonymous_1)
FNDA:6,(anonymous_2)
FNDA:2,(anonymous_3)
FNDA:1,(anonymous_4)
FNDA:1,(anonymous_5)
DA:14,2
DA:28,16
DA:30,16
DA:57,10
DA:78,6
DA:87,2
DA:92,1
DA:93,1
LF:8
LH:8
BRDA:54,0,0,2
BRDA:54,0,1,14
BRDA:90,1,0,6
BRDA:90,1,1,2
BRDA:101,2,0,16
BRDA:101,2,1,9
BRDA:101,2,2,8
BRDA:101,2,3,7
BRDA:104,3,0,16
BRDA:104,3,1,2
BRF:10
BRH:10
end_of_record
TN:
SF:src/components/ProductsTable/state/useProductsTable.state.tsx
FN:5,(anonymous_0)
FN:16,(anonymous_1)
FN:17,(anonymous_2)
FN:20,(anonymous_3)
FN:24,(anonymous_4)
FN:28,(anonymous_5)
FN:33,(anonymous_6)
FN:38,(anonymous_7)
FN:42,(anonymous_8)
FNF:9
FNH:9
FNDA:40,(anonymous_0)
FNDA:4,(anonymous_1)
FNDA:4,(anonymous_2)
FNDA:2,(anonymous_3)
FNDA:2,(anonymous_4)
FNDA:1,(anonymous_5)
FNDA:1,(anonymous_6)
FNDA:18,(anonymous_7)
FNDA:30,(anonymous_8)
DA:5,3
DA:6,40
DA:7,40
DA:8,40
DA:9,40
DA:11,40
DA:13,40
DA:14,40
DA:16,40
DA:17,4
DA:20,40
DA:21,2
DA:24,40
DA:25,2
DA:28,40
DA:29,1
DA:30,1
DA:33,40
DA:34,1
DA:35,1
DA:38,40
DA:39,18
DA:40,18
DA:42,18
DA:43,30
DA:47,18
DA:51,40
LF:27
LH:27
BRDA:17,0,0,1
BRDA:17,0,1,3
BRDA:21,1,0,1
BRDA:21,1,1,1
BRDA:25,2,0,1
BRDA:25,2,1,1
BRDA:43,3,0,30
BRDA:43,3,1,1
BRF:8
BRH:8
end_of_record
TN:
SF:src/containers/AddProduct/AddProduct.tsx
FN:8,(anonymous_0)
FN:14,(anonymous_1)
FN:19,(anonymous_2)
FN:24,(anonymous_3)
FNF:4
FNH:3
FNDA:2,(anonymous_0)
FNDA:0,(anonymous_1)
FNDA:2,(anonymous_2)
FNDA:2,(anonymous_3)
DA:8,1
DA:9,2
DA:10,2
DA:11,2
DA:12,2
DA:14,2
DA:15,0
DA:16,0
DA:19,2
DA:20,2
DA:21,0
DA:24,2
DA:25,2
DA:26,1
DA:31,2
LF:15
LH:12
BRDA:20,0,0,0
BRDA:20,0,1,2
BRDA:20,1,0,2
BRDA:20,1,1,1
BRDA:20,1,2,0
BRDA:25,2,0,1
BRDA:25,2,1,1
BRDA:25,3,0,2
BRDA:25,3,1,1
BRDA:31,4,0,2
BRDA:31,4,1,2
BRDA:31,4,2,2
BRF:12
BRH:10
end_of_record
TN:
SF:src/containers/Products/Products.tsx
FN:6,(anonymous_0)
FNF:1
FNH:1
FNDA:2,(anonymous_0)
DA:6,1
DA:19,2
DA:21,2
LF:3
LH:3
BRDA:22,0,0,2
BRDA:22,0,1,1
BRDA:25,1,0,0
BRDA:25,1,1,2
BRF:4
BRH:3
end_of_record
TN:
SF:src/containers/Products/state/useProducts.tsx
FN:8,(anonymous_0)
FN:15,(anonymous_1)
FN:17,(anonymous_2)
FN:21,(anonymous_3)
FN:25,(anonymous_4)
FN:31,(anonymous_5)
FN:38,(anonymous_6)
FN:44,(anonymous_7)
FNF:8
FNH:7
FNDA:8,(anonymous_0)
FNDA:0,(anonymous_1)
FNDA:1,(anonymous_2)
FNDA:1,(anonymous_3)
FNDA:1,(anonymous_4)
FNDA:1,(anonymous_5)
FNDA:1,(anonymous_6)
FNDA:7,(anonymous_7)
DA:8,2
DA:9,8
DA:10,8
DA:11,8
DA:12,8
DA:14,8
DA:15,8
DA:17,8
DA:18,1
DA:21,8
DA:22,1
DA:25,8
DA:26,1
DA:27,1
DA:28,1
DA:31,8
DA:32,1
DA:33,1
DA:34,1
DA:35,1
DA:38,8
DA:39,1
DA:40,1
DA:41,1
DA:44,8
DA:45,7
DA:46,0
DA:49,8
LF:28
LH:27
BRDA:45,0,0,0
BRDA:45,0,1,7
BRF:2
BRH:1
end_of_record
TN:
SF:src/containers/UpdateProduct/UpdateProduct.tsx
FN:8,(anonymous_0)
FN:13,(anonymous_1)
FN:16,(anonymous_2)
FN:20,(anonymous_3)
FNF:4
FNH:2
FNDA:2,(anonymous_0)
FNDA:0,(anonymous_1)
FNDA:0,(anonymous_2)
FNDA:2,(anonymous_3)
DA:8,1
DA:9,2
DA:10,2
DA:11,2
DA:13,2
DA:16,2
DA:17,0
DA:20,2
DA:21,2
DA:22,1
DA:27,2
LF:11
LH:10
BRDA:21,0,0,1
BRDA:21,0,1,1
BRDA:21,1,0,2
BRDA:21,1,1,1
BRF:4
BRH:4
end_of_record
TN:
SF:src/shared/Interfaces/Product.interfaces.ts
FNF:0
FNH:0
LF:0
LH:0
BRF:0
BRH:0
end_of_record
TN:
SF:src/shared/enums/Path.enum.ts
FNF:0
FNH:0
LF:0
LH:0
BRF:0
BRH:0
end_of_record
